[18:00:58.493] Global cache location '/Users/Yash/Library/Caches/typescript/4.5', safe file path '/users/yash/code/yashkarthik.eth/node_modules/typescript/lib/typingsafelist.json', types map path /users/yash/code/yashkarthik.eth/node_modules/typescript/lib/typesmap.json
[18:00:58.494] Processing cache location '/Users/Yash/Library/Caches/typescript/4.5'
[18:00:58.494] Trying to find '/Users/Yash/Library/Caches/typescript/4.5/package.json'...
[18:00:58.499] Loaded content of '/Users/Yash/Library/Caches/typescript/4.5/package.json': {"private":true,"dependencies":{"types-registry":"^0.1.571"},"devDependencies":{"@types/argparse":"^2.0.10","@types/aria-query":"^5.0.0","@types/array.prototype.flat":"^1.2.1","@types/array.prototype.flatmap":"^1.2.2","@types/assert":"^1.5.6","@types/babel-plugin-macros":"^2.8.5","@types/balanced-match":"^1.0.1","@types/big.js":"^6.1.2","@types/bn.js":"^5.1.0","@types/brace-expansion":"^1.1.0","@types/braces":"^3.0.1","@types/brorand":"^1.0.30","@types/buffer-from":"^1.1.0","@types/buffer-xor":"^2.0.0","@types/bytes":"^3.1.1","@types/call-bind":"^1.0.0","@types/camelcase-css":"^2.0.0","@types/caniuse-lite":"^1.0.1","@types/cipher-base":"^1.0.0","@types/color-convert":"^2.0.0","@types/color-name":"^1.1.1","@types/commondir":"^1.0.0","@types/concat-map":"^0.0.1","@types/convert-source-map":"^1.5.2","@types/create-hash":"^1.2.2","@types/create-hmac":"^1.1.0","@types/cross-spawn":"^6.0.2","@types/damerau-levenshtein":"^1.0.0","@types/debug":"^4.1.7","@types/define-properties":"^1.1.3","@types/depd":"^1.1.32","@types/diff":"^5.0.1","@types/diffie-hellman":"^5.0.0","@types/dir-glob":"^2.0.1","@types/doctrine":"^0.0.5","@types/elliptic":"^6.4.14","@types/es-abstract":"^1.17.3","@types/es-to-primitive":"^1.2.4","@types/eslint":"^8.2.1","@types/eslint-scope":"^3.7.2","@types/eslint-utils":"^3.0.1","@types/eslint-visitor-keys":"^1.0.0","@types/esprima":"^4.0.3","@types/esquery":"^1.0.2","@types/estraverse":"^5.1.1","@types/esutils":"^2.0.0","@types/etag":"^1.8.1","@types/events":"^3.0.0","@types/extend":"^3.0.1","@types/fast-levenshtein":"^0.0.2","@types/file-entry-cache":"^5.0.2","@types/fill-range":"^7.0.0","@types/find-cache-dir":"^3.2.1","@types/find-root":"^1.1.2","@types/flat-cache":"^2.0.0","@types/foreach":"^2.0.0","@types/function-bind":"^1.1.6","@types/functional-red-black-tree":"^1.0.1","@types/get-intrinsic":"^1.0.0","@types/glob":"^7.2.0","@types/glob-parent":"^5.1.1","@types/glob-to-regexp":"^0.4.1","@types/graceful-fs":"^4.1.5","@types/has":"^1.0.0","@types/has-symbols":"^1.0.0","@types/he":"^1.1.2","@types/hoist-non-react-statics":"^3.3.1","@types/http-errors":"^1.8.1","@types/imurmurhash":"^0.1.1","@types/inherits":"^0.0.30","@types/internal-slot":"^1.0.1","@types/invariant":"^2.2.35","@types/is-arguments":"^1.0.0","@types/is-bigint":"^1.0.0","@types/is-boolean-object":"^1.1.0","@types/is-buffer":"^2.0.0","@types/is-callable":"^1.1.0","@types/is-core-module":"^2.2.0","@types/is-date-object":"^1.0.1","@types/is-generator-function":"^1.0.1","@types/is-glob":"^4.0.2","@types/is-number":"^7.0.1","@types/is-regex":"^1.0.0","@types/is-string":"^1.0.0","@types/isexe":"^2.0.1","@types/js-yaml":"^4.0.5","@types/jsesc":"^3.0.1","@types/json-parse-better-errors":"^1.0.0","@types/kind-of":"^6.0.0","@types/language-tags":"^1.0.0","@types/loader-runner":"^2.2.4","@types/loader-utils":"^2.0.3","@types/lodash":"^4.14.178","@types/lodash.merge":"^4.6.6","@types/lodash.mergewith":"^4.6.6","@types/lodash.sortby":"^4.7.6","@types/lodash.uniq":"^4.5.6","@types/lru-cache":"^5.1.1","@types/mdurl":"^1.0.2","@types/mdx-js__react":"^1.5.5","@types/merge-stream":"^1.1.2","@types/merge2":"^1.3.1","@types/micromatch":"^4.0.2","@types/mime-db":"^1.43.1","@types/mime-types":"^2.1.1","@types/minimalistic-assert":"^1.0.1","@types/minimatch":"^3.0.5","@types/minimist":"^1.2.2","@types/ms":"^0.7.31","@types/natural-compare":"^1.4.1","@types/normalize-path":"^3.0.0","@types/object-assign":"^4.0.30","@types/object-inspect":"^1.8.1","@types/object-keys":"^1.0.1","@types/object.fromentries":"^2.0.1","@types/once":"^1.4.0","@types/pako":"^1.0.2","@types/parse-json":"^4.0.0","@types/parse5":"^6.0.3","@types/path-browserify":"^1.0.0","@types/path-is-absolute":"^1.0.0","@types/path-parse":"^1.0.19","@types/pbkdf2":"^3.1.0","@types/picomatch":"^2.3.0","@types/platform":"^1.3.4","@types/prelude-ls":"^1.1.29","@types/progress":"^2.0.5","@types/prop-types":"^15.7.4","@types/punycode":"^2.1.0","@types/randombytes":"^2.0.0","@types/react":"^17.0.37","@types/react-dom":"^17.0.11","@types/react-is":"^17.0.3","@types/readable-stream":"^2.3.12","@types/regenerator-runtime":"^0.13.1","@types/repeat-string":"^1.6.2","@types/resolve":"^1.20.1","@types/rimraf":"^3.0.2","@types/ripemd160":"^2.0.0","@types/run-parallel":"^1.1.0","@types/sade":"^1.7.4","@types/safer-buffer":"^2.1.0","@types/scheduler":"^0.16.2","@types/semver":"^7.3.9","@types/serialize-javascript":"^5.0.1","@types/setimmediate":"^1.0.2","@types/sha.js":"^2.4.0","@types/shebang-command":"^1.2.0","@types/shell-quote":"^1.7.1","@types/source-map-support":"^0.5.4","@types/sprintf":"^0.1.0","@types/sprintf-js":"^1.1.2","@types/statuses":"^2.0.0","@types/string-hash":"^1.1.1","@types/string.prototype.matchall":"^4.0.1","@types/supports-color":"^8.1.1","@types/text-table":"^0.2.2","@types/to-regex-range":"^5.0.0","@types/trim":"^0.1.1","@types/type-check":"^0.3.27","@types/use-subscription":"^1.0.0","@types/util-deprecate":"^1.0.0","@types/warning":"^3.0.0","@types/watchpack":"^1.1.7","@types/webidl-conversions":"^6.1.1","@types/webpack-sources":"^3.2.0","@types/whatwg-url":"^8.2.1","@types/which":"^2.0.1","@types/xtend":"^4.0.4","@types/yallist":"^4.0.1"}}
[18:00:58.500] Loaded content of '/Users/Yash/Library/Caches/typescript/4.5/package-lock.json'
[18:00:58.514] Adding entry into typings cache: 'argparse' => '/Users/Yash/Library/Caches/typescript/4.5/node_modules/@types/argparse/index.d.ts'
[18:00:58.517] Adding entry into typings cache: 'aria-query' => '/Users/Yash/Library/Caches/typescript/4.5/node_modules/@types/aria-query/index.d.ts'
[18:00:58.519] Adding entry into typings cache: 'array.prototype.flat' => '/Users/Yash/Library/Caches/typescript/4.5/node_modules/@types/array.prototype.flat/index.d.ts'
[18:00:58.520] Adding entry into typings cache: 'array.prototype.flatmap' => '/Users/Yash/Library/Caches/typescript/4.5/node_modules/@types/array.prototype.flatmap/index.d.ts'
[18:00:58.522] Adding entry into typings cache: 'assert' => '/Users/Yash/Library/Caches/typescript/4.5/node_modules/@types/assert/index.d.ts'
[18:00:58.523] Adding entry into typings cache: 'babel-plugin-macros' => '/Users/Yash/Library/Caches/typescript/4.5/node_modules/@types/babel-plugin-macros/index.d.ts'
[18:00:58.525] Adding entry into typings cache: 'balanced-match' => '/Users/Yash/Library/Caches/typescript/4.5/node_modules/@types/balanced-match/index.d.ts'
[18:00:58.527] Adding entry into typings cache: 'big.js' => '/Users/Yash/Library/Caches/typescript/4.5/node_modules/@types/big.js/index.d.ts'
[18:00:58.529] Adding entry into typings cache: 'bn.js' => '/Users/Yash/Library/Caches/typescript/4.5/node_modules/@types/bn.js/index.d.ts'
[18:00:58.530] Adding entry into typings cache: 'brace-expansion' => '/Users/Yash/Library/Caches/typescript/4.5/node_modules/@types/brace-expansion/index.d.ts'
[18:00:58.535] Adding entry into typings cache: 'braces' => '/Users/Yash/Library/Caches/typescript/4.5/node_modules/@types/braces/index.d.ts'
[18:00:58.536] Adding entry into typings cache: 'brorand' => '/Users/Yash/Library/Caches/typescript/4.5/node_modules/@types/brorand/index.d.ts'
[18:00:58.537] Adding entry into typings cache: 'buffer-from' => '/Users/Yash/Library/Caches/typescript/4.5/node_modules/@types/buffer-from/index.d.ts'
[18:00:58.538] Adding entry into typings cache: 'buffer-xor' => '/Users/Yash/Library/Caches/typescript/4.5/node_modules/@types/buffer-xor/index.d.ts'
[18:00:58.539] Adding entry into typings cache: 'bytes' => '/Users/Yash/Library/Caches/typescript/4.5/node_modules/@types/bytes/index.d.ts'
[18:00:58.541] Adding entry into typings cache: 'call-bind' => '/Users/Yash/Library/Caches/typescript/4.5/node_modules/@types/call-bind/index.d.ts'
[18:00:58.542] Adding entry into typings cache: 'camelcase-css' => '/Users/Yash/Library/Caches/typescript/4.5/node_modules/@types/camelcase-css/index.d.ts'
[18:00:58.543] Adding entry into typings cache: 'caniuse-lite' => '/Users/Yash/Library/Caches/typescript/4.5/node_modules/@types/caniuse-lite/index.d.ts'
[18:00:58.545] Adding entry into typings cache: 'cipher-base' => '/Users/Yash/Library/Caches/typescript/4.5/node_modules/@types/cipher-base/index.d.ts'
[18:00:58.547] Adding entry into typings cache: 'color-convert' => '/Users/Yash/Library/Caches/typescript/4.5/node_modules/@types/color-convert/index.d.ts'
[18:00:58.548] Adding entry into typings cache: 'color-name' => '/Users/Yash/Library/Caches/typescript/4.5/node_modules/@types/color-name/index.d.ts'
[18:00:58.549] Adding entry into typings cache: 'commondir' => '/Users/Yash/Library/Caches/typescript/4.5/node_modules/@types/commondir/index.d.ts'
[18:00:58.550] Adding entry into typings cache: 'concat-map' => '/Users/Yash/Library/Caches/typescript/4.5/node_modules/@types/concat-map/index.d.ts'
[18:00:58.551] Adding entry into typings cache: 'convert-source-map' => '/Users/Yash/Library/Caches/typescript/4.5/node_modules/@types/convert-source-map/index.d.ts'
[18:00:58.552] Adding entry into typings cache: 'create-hash' => '/Users/Yash/Library/Caches/typescript/4.5/node_modules/@types/create-hash/index.d.ts'
[18:00:58.553] Adding entry into typings cache: 'create-hmac' => '/Users/Yash/Library/Caches/typescript/4.5/node_modules/@types/create-hmac/index.d.ts'
[18:00:58.555] Adding entry into typings cache: 'cross-spawn' => '/Users/Yash/Library/Caches/typescript/4.5/node_modules/@types/cross-spawn/index.d.ts'
[18:00:58.556] Adding entry into typings cache: 'damerau-levenshtein' => '/Users/Yash/Library/Caches/typescript/4.5/node_modules/@types/damerau-levenshtein/index.d.ts'
[18:00:58.561] Adding entry into typings cache: 'debug' => '/Users/Yash/Library/Caches/typescript/4.5/node_modules/@types/debug/index.d.ts'
[18:00:58.562] Adding entry into typings cache: 'define-properties' => '/Users/Yash/Library/Caches/typescript/4.5/node_modules/@types/define-properties/index.d.ts'
[18:00:58.562] Adding entry into typings cache: 'depd' => '/Users/Yash/Library/Caches/typescript/4.5/node_modules/@types/depd/index.d.ts'
[18:00:58.563] Adding entry into typings cache: 'diff' => '/Users/Yash/Library/Caches/typescript/4.5/node_modules/@types/diff/index.d.ts'
[18:00:58.565] Adding entry into typings cache: 'diffie-hellman' => '/Users/Yash/Library/Caches/typescript/4.5/node_modules/@types/diffie-hellman/index.d.ts'
[18:00:58.566] Adding entry into typings cache: 'dir-glob' => '/Users/Yash/Library/Caches/typescript/4.5/node_modules/@types/dir-glob/index.d.ts'
[18:00:58.567] Adding entry into typings cache: 'doctrine' => '/Users/Yash/Library/Caches/typescript/4.5/node_modules/@types/doctrine/index.d.ts'
[18:00:58.568] Adding entry into typings cache: 'elliptic' => '/Users/Yash/Library/Caches/typescript/4.5/node_modules/@types/elliptic/index.d.ts'
[18:00:58.569] Adding entry into typings cache: 'es-abstract' => '/Users/Yash/Library/Caches/typescript/4.5/node_modules/@types/es-abstract/index.d.ts'
[18:00:58.570] Adding entry into typings cache: 'es-to-primitive' => '/Users/Yash/Library/Caches/typescript/4.5/node_modules/@types/es-to-primitive/index.d.ts'
[18:00:58.571] Adding entry into typings cache: 'eslint' => '/Users/Yash/Library/Caches/typescript/4.5/node_modules/@types/eslint/index.d.ts'
[18:00:58.573] Adding entry into typings cache: 'eslint-scope' => '/Users/Yash/Library/Caches/typescript/4.5/node_modules/@types/eslint-scope/index.d.ts'
[18:00:58.573] Adding entry into typings cache: 'eslint-utils' => '/Users/Yash/Library/Caches/typescript/4.5/node_modules/@types/eslint-utils/index.d.ts'
[18:00:58.574] Adding entry into typings cache: 'eslint-visitor-keys' => '/Users/Yash/Library/Caches/typescript/4.5/node_modules/@types/eslint-visitor-keys/index.d.ts'
[18:00:58.575] Adding entry into typings cache: 'esprima' => '/Users/Yash/Library/Caches/typescript/4.5/node_modules/@types/esprima/index.d.ts'
[18:00:58.576] Adding entry into typings cache: 'esquery' => '/Users/Yash/Library/Caches/typescript/4.5/node_modules/@types/esquery/index.d.ts'
[18:00:58.577] Adding entry into typings cache: 'estraverse' => '/Users/Yash/Library/Caches/typescript/4.5/node_modules/@types/estraverse/index.d.ts'
[18:00:58.578] Adding entry into typings cache: 'esutils' => '/Users/Yash/Library/Caches/typescript/4.5/node_modules/@types/esutils/index.d.ts'
[18:00:58.579] Adding entry into typings cache: 'etag' => '/Users/Yash/Library/Caches/typescript/4.5/node_modules/@types/etag/index.d.ts'
[18:00:58.580] Adding entry into typings cache: 'events' => '/Users/Yash/Library/Caches/typescript/4.5/node_modules/@types/events/index.d.ts'
[18:00:58.582] Adding entry into typings cache: 'extend' => '/Users/Yash/Library/Caches/typescript/4.5/node_modules/@types/extend/index.d.ts'
[18:00:58.583] Adding entry into typings cache: 'fast-levenshtein' => '/Users/Yash/Library/Caches/typescript/4.5/node_modules/@types/fast-levenshtein/index.d.ts'
[18:00:58.584] Adding entry into typings cache: 'file-entry-cache' => '/Users/Yash/Library/Caches/typescript/4.5/node_modules/@types/file-entry-cache/index.d.ts'
[18:00:58.587] Adding entry into typings cache: 'fill-range' => '/Users/Yash/Library/Caches/typescript/4.5/node_modules/@types/fill-range/index.d.ts'
[18:00:58.588] Adding entry into typings cache: 'find-cache-dir' => '/Users/Yash/Library/Caches/typescript/4.5/node_modules/@types/find-cache-dir/index.d.ts'
[18:00:58.588] Adding entry into typings cache: 'find-root' => '/Users/Yash/Library/Caches/typescript/4.5/node_modules/@types/find-root/index.d.ts'
[18:00:58.590] Adding entry into typings cache: 'flat-cache' => '/Users/Yash/Library/Caches/typescript/4.5/node_modules/@types/flat-cache/index.d.ts'
[18:00:58.590] Adding entry into typings cache: 'foreach' => '/Users/Yash/Library/Caches/typescript/4.5/node_modules/@types/foreach/index.d.ts'
[18:00:58.591] Adding entry into typings cache: 'function-bind' => '/Users/Yash/Library/Caches/typescript/4.5/node_modules/@types/function-bind/index.d.ts'
[18:00:58.592] Adding entry into typings cache: 'functional-red-black-tree' => '/Users/Yash/Library/Caches/typescript/4.5/node_modules/@types/functional-red-black-tree/index.d.ts'
[18:00:58.594] Adding entry into typings cache: 'get-intrinsic' => '/Users/Yash/Library/Caches/typescript/4.5/node_modules/@types/get-intrinsic/index.d.ts'
[18:00:58.595] Adding entry into typings cache: 'glob' => '/Users/Yash/Library/Caches/typescript/4.5/node_modules/@types/glob/index.d.ts'
[18:00:58.597] Adding entry into typings cache: 'glob-parent' => '/Users/Yash/Library/Caches/typescript/4.5/node_modules/@types/glob-parent/index.d.ts'
[18:00:58.598] Adding entry into typings cache: 'glob-to-regexp' => '/Users/Yash/Library/Caches/typescript/4.5/node_modules/@types/glob-to-regexp/index.d.ts'
[18:00:58.600] Adding entry into typings cache: 'graceful-fs' => '/Users/Yash/Library/Caches/typescript/4.5/node_modules/@types/graceful-fs/index.d.ts'
[18:00:58.601] Adding entry into typings cache: 'has' => '/Users/Yash/Library/Caches/typescript/4.5/node_modules/@types/has/index.d.ts'
[18:00:58.602] Adding entry into typings cache: 'has-symbols' => '/Users/Yash/Library/Caches/typescript/4.5/node_modules/@types/has-symbols/index.d.ts'
[18:00:58.603] Adding entry into typings cache: 'he' => '/Users/Yash/Library/Caches/typescript/4.5/node_modules/@types/he/index.d.ts'
[18:00:58.607] Adding entry into typings cache: 'hoist-non-react-statics' => '/Users/Yash/Library/Caches/typescript/4.5/node_modules/@types/hoist-non-react-statics/index.d.ts'
[18:00:58.608] Adding entry into typings cache: 'http-errors' => '/Users/Yash/Library/Caches/typescript/4.5/node_modules/@types/http-errors/index.d.ts'
[18:00:58.609] Adding entry into typings cache: 'imurmurhash' => '/Users/Yash/Library/Caches/typescript/4.5/node_modules/@types/imurmurhash/index.d.ts'
[18:00:58.611] Adding entry into typings cache: 'inherits' => '/Users/Yash/Library/Caches/typescript/4.5/node_modules/@types/inherits/index.d.ts'
[18:00:58.612] Adding entry into typings cache: 'internal-slot' => '/Users/Yash/Library/Caches/typescript/4.5/node_modules/@types/internal-slot/index.d.ts'
[18:00:58.613] Adding entry into typings cache: 'invariant' => '/Users/Yash/Library/Caches/typescript/4.5/node_modules/@types/invariant/index.d.ts'
[18:00:58.614] Adding entry into typings cache: 'is-arguments' => '/Users/Yash/Library/Caches/typescript/4.5/node_modules/@types/is-arguments/index.d.ts'
[18:00:58.615] Adding entry into typings cache: 'is-bigint' => '/Users/Yash/Library/Caches/typescript/4.5/node_modules/@types/is-bigint/index.d.ts'
[18:00:58.616] Adding entry into typings cache: 'is-boolean-object' => '/Users/Yash/Library/Caches/typescript/4.5/node_modules/@types/is-boolean-object/index.d.ts'
[18:00:58.618] Adding entry into typings cache: 'is-buffer' => '/Users/Yash/Library/Caches/typescript/4.5/node_modules/@types/is-buffer/index.d.ts'
[18:00:58.619] Adding entry into typings cache: 'is-callable' => '/Users/Yash/Library/Caches/typescript/4.5/node_modules/@types/is-callable/index.d.ts'
[18:00:58.620] Adding entry into typings cache: 'is-core-module' => '/Users/Yash/Library/Caches/typescript/4.5/node_modules/@types/is-core-module/index.d.ts'
[18:00:58.621] Adding entry into typings cache: 'is-date-object' => '/Users/Yash/Library/Caches/typescript/4.5/node_modules/@types/is-date-object/index.d.ts'
[18:00:58.622] Adding entry into typings cache: 'is-generator-function' => '/Users/Yash/Library/Caches/typescript/4.5/node_modules/@types/is-generator-function/index.d.ts'
[18:00:58.625] Adding entry into typings cache: 'is-glob' => '/Users/Yash/Library/Caches/typescript/4.5/node_modules/@types/is-glob/index.d.ts'
[18:00:58.627] Adding entry into typings cache: 'is-number' => '/Users/Yash/Library/Caches/typescript/4.5/node_modules/@types/is-number/index.d.ts'
[18:00:58.628] Adding entry into typings cache: 'is-regex' => '/Users/Yash/Library/Caches/typescript/4.5/node_modules/@types/is-regex/index.d.ts'
[18:00:58.629] Adding entry into typings cache: 'is-string' => '/Users/Yash/Library/Caches/typescript/4.5/node_modules/@types/is-string/index.d.ts'
[18:00:58.629] Adding entry into typings cache: 'isexe' => '/Users/Yash/Library/Caches/typescript/4.5/node_modules/@types/isexe/index.d.ts'
[18:00:58.631] Adding entry into typings cache: 'js-yaml' => '/Users/Yash/Library/Caches/typescript/4.5/node_modules/@types/js-yaml/index.d.ts'
[18:00:58.632] Adding entry into typings cache: 'jsesc' => '/Users/Yash/Library/Caches/typescript/4.5/node_modules/@types/jsesc/index.d.ts'
[18:00:58.633] Adding entry into typings cache: 'json-parse-better-errors' => '/Users/Yash/Library/Caches/typescript/4.5/node_modules/@types/json-parse-better-errors/index.d.ts'
[18:00:58.635] Adding entry into typings cache: 'kind-of' => '/Users/Yash/Library/Caches/typescript/4.5/node_modules/@types/kind-of/index.d.ts'
[18:00:58.636] Adding entry into typings cache: 'language-tags' => '/Users/Yash/Library/Caches/typescript/4.5/node_modules/@types/language-tags/index.d.ts'
[18:00:58.637] Adding entry into typings cache: 'loader-runner' => '/Users/Yash/Library/Caches/typescript/4.5/node_modules/@types/loader-runner/index.d.ts'
[18:00:58.638] Adding entry into typings cache: 'loader-utils' => '/Users/Yash/Library/Caches/typescript/4.5/node_modules/@types/loader-utils/index.d.ts'
[18:00:58.639] Adding entry into typings cache: 'lodash' => '/Users/Yash/Library/Caches/typescript/4.5/node_modules/@types/lodash/index.d.ts'
[18:00:58.641] Adding entry into typings cache: 'lodash.merge' => '/Users/Yash/Library/Caches/typescript/4.5/node_modules/@types/lodash.merge/index.d.ts'
[18:00:58.642] Adding entry into typings cache: 'lodash.mergewith' => '/Users/Yash/Library/Caches/typescript/4.5/node_modules/@types/lodash.mergewith/index.d.ts'
[18:00:58.643] Adding entry into typings cache: 'lodash.sortby' => '/Users/Yash/Library/Caches/typescript/4.5/node_modules/@types/lodash.sortby/index.d.ts'
[18:00:58.644] Adding entry into typings cache: 'lodash.uniq' => '/Users/Yash/Library/Caches/typescript/4.5/node_modules/@types/lodash.uniq/index.d.ts'
[18:00:58.645] Adding entry into typings cache: 'lru-cache' => '/Users/Yash/Library/Caches/typescript/4.5/node_modules/@types/lru-cache/index.d.ts'
[18:00:58.646] Adding entry into typings cache: 'mdurl' => '/Users/Yash/Library/Caches/typescript/4.5/node_modules/@types/mdurl/index.d.ts'
[18:00:58.648] Adding entry into typings cache: 'mdx-js__react' => '/Users/Yash/Library/Caches/typescript/4.5/node_modules/@types/mdx-js__react/index.d.ts'
[18:00:58.649] Adding entry into typings cache: 'merge-stream' => '/Users/Yash/Library/Caches/typescript/4.5/node_modules/@types/merge-stream/index.d.ts'
[18:00:58.650] Adding entry into typings cache: 'merge2' => '/Users/Yash/Library/Caches/typescript/4.5/node_modules/@types/merge2/index.d.ts'
[18:00:58.652] Adding entry into typings cache: 'micromatch' => '/Users/Yash/Library/Caches/typescript/4.5/node_modules/@types/micromatch/index.d.ts'
[18:00:58.653] Adding entry into typings cache: 'mime-db' => '/Users/Yash/Library/Caches/typescript/4.5/node_modules/@types/mime-db/index.d.ts'
[18:00:58.654] Adding entry into typings cache: 'mime-types' => '/Users/Yash/Library/Caches/typescript/4.5/node_modules/@types/mime-types/index.d.ts'
[18:00:58.655] Adding entry into typings cache: 'minimalistic-assert' => '/Users/Yash/Library/Caches/typescript/4.5/node_modules/@types/minimalistic-assert/index.d.ts'
[18:00:58.656] Adding entry into typings cache: 'minimatch' => '/Users/Yash/Library/Caches/typescript/4.5/node_modules/@types/minimatch/index.d.ts'
[18:00:58.656] Adding entry into typings cache: 'minimist' => '/Users/Yash/Library/Caches/typescript/4.5/node_modules/@types/minimist/index.d.ts'
[18:00:58.658] Adding entry into typings cache: 'ms' => '/Users/Yash/Library/Caches/typescript/4.5/node_modules/@types/ms/index.d.ts'
[18:00:58.659] Adding entry into typings cache: 'natural-compare' => '/Users/Yash/Library/Caches/typescript/4.5/node_modules/@types/natural-compare/index.d.ts'
[18:00:58.660] Adding entry into typings cache: 'normalize-path' => '/Users/Yash/Library/Caches/typescript/4.5/node_modules/@types/normalize-path/index.d.ts'
[18:00:58.662] Adding entry into typings cache: 'object-assign' => '/Users/Yash/Library/Caches/typescript/4.5/node_modules/@types/object-assign/index.d.ts'
[18:00:58.662] Adding entry into typings cache: 'object-inspect' => '/Users/Yash/Library/Caches/typescript/4.5/node_modules/@types/object-inspect/index.d.ts'
[18:00:58.663] Adding entry into typings cache: 'object-keys' => '/Users/Yash/Library/Caches/typescript/4.5/node_modules/@types/object-keys/index.d.ts'
[18:00:58.664] Adding entry into typings cache: 'object.fromentries' => '/Users/Yash/Library/Caches/typescript/4.5/node_modules/@types/object.fromentries/index.d.ts'
[18:00:58.665] Adding entry into typings cache: 'once' => '/Users/Yash/Library/Caches/typescript/4.5/node_modules/@types/once/index.d.ts'
[18:00:58.665] Adding entry into typings cache: 'pako' => '/Users/Yash/Library/Caches/typescript/4.5/node_modules/@types/pako/index.d.ts'
[18:00:58.666] Adding entry into typings cache: 'parse-json' => '/Users/Yash/Library/Caches/typescript/4.5/node_modules/@types/parse-json/index.d.ts'
[18:00:58.667] Adding entry into typings cache: 'parse5' => '/Users/Yash/Library/Caches/typescript/4.5/node_modules/@types/parse5/index.d.ts'
[18:00:58.668] Adding entry into typings cache: 'path-browserify' => '/Users/Yash/Library/Caches/typescript/4.5/node_modules/@types/path-browserify/index.d.ts'
[18:00:58.671] Adding entry into typings cache: 'path-is-absolute' => '/Users/Yash/Library/Caches/typescript/4.5/node_modules/@types/path-is-absolute/index.d.ts'
[18:00:58.671] Adding entry into typings cache: 'path-parse' => '/Users/Yash/Library/Caches/typescript/4.5/node_modules/@types/path-parse/index.d.ts'
[18:00:58.672] Adding entry into typings cache: 'pbkdf2' => '/Users/Yash/Library/Caches/typescript/4.5/node_modules/@types/pbkdf2/index.d.ts'
[18:00:58.675] Adding entry into typings cache: 'picomatch' => '/Users/Yash/Library/Caches/typescript/4.5/node_modules/@types/picomatch/index.d.ts'
[18:00:58.675] Adding entry into typings cache: 'platform' => '/Users/Yash/Library/Caches/typescript/4.5/node_modules/@types/platform/index.d.ts'
[18:00:58.676] Adding entry into typings cache: 'prelude-ls' => '/Users/Yash/Library/Caches/typescript/4.5/node_modules/@types/prelude-ls/index.d.ts'
[18:00:58.677] Adding entry into typings cache: 'progress' => '/Users/Yash/Library/Caches/typescript/4.5/node_modules/@types/progress/index.d.ts'
[18:00:58.679] Adding entry into typings cache: 'prop-types' => '/Users/Yash/Library/Caches/typescript/4.5/node_modules/@types/prop-types/index.d.ts'
[18:00:58.680] Adding entry into typings cache: 'punycode' => '/Users/Yash/Library/Caches/typescript/4.5/node_modules/@types/punycode/index.d.ts'
[18:00:58.681] Adding entry into typings cache: 'randombytes' => '/Users/Yash/Library/Caches/typescript/4.5/node_modules/@types/randombytes/index.d.ts'
[18:00:58.682] Adding entry into typings cache: 'react' => '/Users/Yash/Library/Caches/typescript/4.5/node_modules/@types/react/index.d.ts'
[18:00:58.683] Adding entry into typings cache: 'react-dom' => '/Users/Yash/Library/Caches/typescript/4.5/node_modules/@types/react-dom/index.d.ts'
[18:00:58.686] Adding entry into typings cache: 'react-is' => '/Users/Yash/Library/Caches/typescript/4.5/node_modules/@types/react-is/index.d.ts'
[18:00:58.688] Adding entry into typings cache: 'readable-stream' => '/Users/Yash/Library/Caches/typescript/4.5/node_modules/@types/readable-stream/index.d.ts'
[18:00:58.689] Adding entry into typings cache: 'regenerator-runtime' => '/Users/Yash/Library/Caches/typescript/4.5/node_modules/@types/regenerator-runtime/index.d.ts'
[18:00:58.691] Adding entry into typings cache: 'repeat-string' => '/Users/Yash/Library/Caches/typescript/4.5/node_modules/@types/repeat-string/index.d.ts'
[18:00:58.692] Adding entry into typings cache: 'resolve' => '/Users/Yash/Library/Caches/typescript/4.5/node_modules/@types/resolve/index.d.ts'
[18:00:58.694] Adding entry into typings cache: 'rimraf' => '/Users/Yash/Library/Caches/typescript/4.5/node_modules/@types/rimraf/index.d.ts'
[18:00:58.695] Adding entry into typings cache: 'ripemd160' => '/Users/Yash/Library/Caches/typescript/4.5/node_modules/@types/ripemd160/index.d.ts'
[18:00:58.696] Adding entry into typings cache: 'run-parallel' => '/Users/Yash/Library/Caches/typescript/4.5/node_modules/@types/run-parallel/index.d.ts'
[18:00:58.697] Adding entry into typings cache: 'sade' => '/Users/Yash/Library/Caches/typescript/4.5/node_modules/@types/sade/index.d.ts'
[18:00:58.698] Adding entry into typings cache: 'safer-buffer' => '/Users/Yash/Library/Caches/typescript/4.5/node_modules/@types/safer-buffer/index.d.ts'
[18:00:58.699] Adding entry into typings cache: 'scheduler' => '/Users/Yash/Library/Caches/typescript/4.5/node_modules/@types/scheduler/index.d.ts'
[18:00:58.700] Adding entry into typings cache: 'semver' => '/Users/Yash/Library/Caches/typescript/4.5/node_modules/@types/semver/index.d.ts'
[18:00:58.701] Adding entry into typings cache: 'serialize-javascript' => '/Users/Yash/Library/Caches/typescript/4.5/node_modules/@types/serialize-javascript/index.d.ts'
[18:00:58.702] Adding entry into typings cache: 'setimmediate' => '/Users/Yash/Library/Caches/typescript/4.5/node_modules/@types/setimmediate/index.d.ts'
[18:00:58.703] Adding entry into typings cache: 'sha.js' => '/Users/Yash/Library/Caches/typescript/4.5/node_modules/@types/sha.js/index.d.ts'
[18:00:58.704] Adding entry into typings cache: 'shebang-command' => '/Users/Yash/Library/Caches/typescript/4.5/node_modules/@types/shebang-command/index.d.ts'
[18:00:58.705] Adding entry into typings cache: 'shell-quote' => '/Users/Yash/Library/Caches/typescript/4.5/node_modules/@types/shell-quote/index.d.ts'
[18:00:58.705] Adding entry into typings cache: 'source-map-support' => '/Users/Yash/Library/Caches/typescript/4.5/node_modules/@types/source-map-support/index.d.ts'
[18:00:58.706] Adding entry into typings cache: 'sprintf' => '/Users/Yash/Library/Caches/typescript/4.5/node_modules/@types/sprintf/index.d.ts'
[18:00:58.707] Adding entry into typings cache: 'sprintf-js' => '/Users/Yash/Library/Caches/typescript/4.5/node_modules/@types/sprintf-js/index.d.ts'
[18:00:58.708] Adding entry into typings cache: 'statuses' => '/Users/Yash/Library/Caches/typescript/4.5/node_modules/@types/statuses/index.d.ts'
[18:00:58.709] Adding entry into typings cache: 'string-hash' => '/Users/Yash/Library/Caches/typescript/4.5/node_modules/@types/string-hash/index.d.ts'
[18:00:58.710] Adding entry into typings cache: 'string.prototype.matchall' => '/Users/Yash/Library/Caches/typescript/4.5/node_modules/@types/string.prototype.matchall/index.d.ts'
[18:00:58.711] Adding entry into typings cache: 'supports-color' => '/Users/Yash/Library/Caches/typescript/4.5/node_modules/@types/supports-color/index.d.ts'
[18:00:58.711] Adding entry into typings cache: 'text-table' => '/Users/Yash/Library/Caches/typescript/4.5/node_modules/@types/text-table/index.d.ts'
[18:00:58.713] Adding entry into typings cache: 'to-regex-range' => '/Users/Yash/Library/Caches/typescript/4.5/node_modules/@types/to-regex-range/index.d.ts'
[18:00:58.714] Adding entry into typings cache: 'trim' => '/Users/Yash/Library/Caches/typescript/4.5/node_modules/@types/trim/index.d.ts'
[18:00:58.715] Adding entry into typings cache: 'type-check' => '/Users/Yash/Library/Caches/typescript/4.5/node_modules/@types/type-check/index.d.ts'
[18:00:58.716] Adding entry into typings cache: 'use-subscription' => '/Users/Yash/Library/Caches/typescript/4.5/node_modules/@types/use-subscription/index.d.ts'
[18:00:58.718] Adding entry into typings cache: 'util-deprecate' => '/Users/Yash/Library/Caches/typescript/4.5/node_modules/@types/util-deprecate/index.d.ts'
[18:00:58.719] Adding entry into typings cache: 'warning' => '/Users/Yash/Library/Caches/typescript/4.5/node_modules/@types/warning/index.d.ts'
[18:00:58.720] Adding entry into typings cache: 'watchpack' => '/Users/Yash/Library/Caches/typescript/4.5/node_modules/@types/watchpack/index.d.ts'
[18:00:58.721] Adding entry into typings cache: 'webidl-conversions' => '/Users/Yash/Library/Caches/typescript/4.5/node_modules/@types/webidl-conversions/index.d.ts'
[18:00:58.722] Adding entry into typings cache: 'webpack-sources' => '/Users/Yash/Library/Caches/typescript/4.5/node_modules/@types/webpack-sources/index.d.ts'
[18:00:58.723] Adding entry into typings cache: 'whatwg-url' => '/Users/Yash/Library/Caches/typescript/4.5/node_modules/@types/whatwg-url/index.d.ts'
[18:00:58.725] Adding entry into typings cache: 'which' => '/Users/Yash/Library/Caches/typescript/4.5/node_modules/@types/which/index.d.ts'
[18:00:58.726] Adding entry into typings cache: 'xtend' => '/Users/Yash/Library/Caches/typescript/4.5/node_modules/@types/xtend/index.d.ts'
[18:00:58.726] Adding entry into typings cache: 'yallist' => '/Users/Yash/Library/Caches/typescript/4.5/node_modules/@types/yallist/index.d.ts'
[18:00:58.726] Finished processing cache location '/Users/Yash/Library/Caches/typescript/4.5'
[18:00:58.727] Process id: 1721
[18:00:58.727] NPM location: /usr/local/Cellar/node/17.0.1/bin/npm (explicit '--npmLocation' not  provided)
[18:00:58.727] validateDefaultNpmLocation: false
[18:00:58.727] Npm config file: /Users/Yash/Library/Caches/typescript/4.5/package.json
[18:00:58.727] Updating types-registry npm package...
[18:00:58.728] Exec: /usr/local/Cellar/node/17.0.1/bin/npm install --ignore-scripts types-registry@latest
[18:00:58.738]     Failed. stdout:
    stderr:
    /bin/sh: /usr/local/Cellar/node/17.0.1/bin/npm: No such file or directory
    
[18:00:58.738] Updated types-registry npm package
